# Logfile created on Fri Jan 22 17:10:39 +0800 2010 by /
I, [20100122171039#4968]  INFO -- : 自动开心程序开始运行
I, [20100122171039#4968]  INFO -- : 处理用户:yautah2008@gmail.com
I, [20100122171039#4968]  INFO -- : Cookie文件存在，从cookie登录！
I, [20100122171039#4968]  INFO -- : 登录成功！


I, [20100122171039#4968]  INFO -- : 大富翁游戏--2735333，处理开始
I, [20100122171039#4968]  INFO -- : 当前拥有的道具：无
I, [20100122171039#4968]  INFO -- : 当前游戏玩家：
I, [20100122171039#4968]  INFO -- :   -- 姓名：蔡潇潇|现金：350000  |存款：350000  |总额: 700000  |需查税卡：58
I, [20100122171039#4968]  INFO -- :   -- 姓名：吴子渝|现金：350000  |存款：350000  |总额: 700000  |需查税卡：58
I, [20100122171040#4968]  INFO -- : 当前制作的道具：无
I, [20100122171040#4968]  INFO -- : 开始制作道具：
I, [20100122171040#4968]  INFO -- :   -- 制造成功：名称：12, 信息：查税卡已经开始制作，可以在你的“正在制作的道具”中看到
I, [20100122171041#4968]  INFO -- :   -- 制造成功：名称：12, 信息：查税卡已经开始制作，可以在你的“正在制作的道具”中看到
I, [20100122171042#4968]  INFO -- : 查看股市信息：
I, [20100122171042#4968]  INFO -- :   -- 股票名称：中华银行 | 当前价格：18.91 | 涨跌：-2.93 | 持有股数：-     | 平均成本：-
I, [20100122171042#4968]  INFO -- :   -- 股票名称：国民石油 | 当前价格：10.63 | 涨跌：-1.02 | 持有股数：-     | 平均成本：-
I, [20100122171042#4968]  INFO -- :   -- 股票名称：天宇通讯 | 当前价格：6.46  | 涨跌：-0.62 | 持有股数：-     | 平均成本：-
I, [20100122171042#4968]  INFO -- :   -- 股票名称：第一汽车 | 当前价格：7.55  | 涨跌：0.94  | 持有股数：-     | 平均成本：-
I, [20100122171042#4968]  INFO -- :   -- 股票名称：完美电器 | 当前价格：10.91 | 涨跌：-0.91 | 持有股数：-     | 平均成本：-
I, [20100122171042#4968]  INFO -- :   -- 股票名称：华美服饰 | 当前价格：9.98  | 涨跌：0.81  | 持有股数：-     | 平均成本：-
I, [20100122171042#4968]  INFO -- :   -- 股票名称：天天超商 | 当前价格：10.23 | 涨跌：-0.78 | 持有股数：-     | 平均成本：-
I, [20100122171042#4968]  INFO -- :   -- 股票名称：千科地产 | 当前价格：13.82 | 涨跌：4.54  | 持有股数：-     | 平均成本：-
I, [20100122171042#4968]  INFO -- :   -- 股票名称：传世老窖 | 当前价格：90.84 | 涨跌：-0.76 | 持有股数：-     | 平均成本：-
I, [20100122171042#4968]  INFO -- :   -- 股票名称：明天环能 | 当前价格：70.76 | 涨跌：-0.56 | 持有股数：-     | 平均成本：-
I, [20100122171042#4968]  INFO -- : 大富翁游戏--2735333，处理结束

I, [20100122171042#4968]  INFO -- : 大富翁游戏--2725865，处理开始
I, [20100122171043#4968]  INFO -- : 当前拥有的道具：无
I, [20100122171043#4968]  INFO -- : 当前游戏玩家：
I, [20100122171043#4968]  INFO -- :   -- 姓名：高巍  |现金：350000  |存款：350000  |总额: 700000  |需查税卡：58
I, [20100122171043#4968]  INFO -- :   -- 姓名：陈志超|现金：350000  |存款：350000  |总额: 700000  |需查税卡：58
I, [20100122171043#4968]  INFO -- : 当前制作的道具：
I, [20100122171043#4968]  INFO -- :   -- 名称：查税卡, 剩余时间：214分钟
I, [20100122171043#4968]  INFO -- :   -- 名称：查税卡, 剩余时间：214分钟
I, [20100122171043#4968]  INFO -- : 开始制作道具：
I, [20100122171043#4968]  INFO -- : 查看股市信息：
I, [20100122171043#4968]  INFO -- :   -- 股票名称：中华银行 | 当前价格：18.91 | 涨跌：-2.93 | 持有股数：-     | 平均成本：-
I, [20100122171043#4968]  INFO -- :   -- 股票名称：国民石油 | 当前价格：10.63 | 涨跌：-1.02 | 持有股数：-     | 平均成本：-
I, [20100122171043#4968]  INFO -- :   -- 股票名称：天宇通讯 | 当前价格：6.46  | 涨跌：-0.62 | 持有股数：-     | 平均成本：-
I, [20100122171043#4968]  INFO -- :   -- 股票名称：第一汽车 | 当前价格：7.55  | 涨跌：0.94  | 持有股数：-     | 平均成本：-
I, [20100122171043#4968]  INFO -- :   -- 股票名称：完美电器 | 当前价格：10.91 | 涨跌：-0.91 | 持有股数：-     | 平均成本：-
I, [20100122171043#4968]  INFO -- :   -- 股票名称：华美服饰 | 当前价格：9.98  | 涨跌：0.81  | 持有股数：-     | 平均成本：-
I, [20100122171043#4968]  INFO -- :   -- 股票名称：天天超商 | 当前价格：10.23 | 涨跌：-0.78 | 持有股数：-     | 平均成本：-
I, [20100122171043#4968]  INFO -- :   -- 股票名称：千科地产 | 当前价格：13.82 | 涨跌：4.54  | 持有股数：-     | 平均成本：-
I, [20100122171043#4968]  INFO -- :   -- 股票名称：传世老窖 | 当前价格：90.84 | 涨跌：-0.76 | 持有股数：-     | 平均成本：-
I, [20100122171043#4968]  INFO -- :   -- 股票名称：明天环能 | 当前价格：70.76 | 涨跌：-0.56 | 持有股数：-     | 平均成本：-
I, [20100122171043#4968]  INFO -- : 大富翁游戏--2725865，处理结束

I, [20100122171043#4968]  INFO -- : 大富翁游戏--2649634，处理开始
I, [20100122171043#4968]  INFO -- : 当前拥有的道具：
I, [20100122171043#4968]  INFO -- :   -- 名称：查税卡, 数量：4
I, [20100122171043#4968]  INFO -- : 当前游戏玩家：
I, [20100122171043#4968]  INFO -- :   -- 姓名：吴志芳|现金：316008  |存款：100000  |总额: 416008  |需查税卡：48
I, [20100122171043#4968]  INFO -- :   -- 姓名：许晖  |现金：7020    |存款：60792   |总额: 67812   |需查税卡：14
I, [20100122171043#4968]  INFO -- : 当前制作的道具：
I, [20100122171043#4968]  INFO -- :   -- 名称：查税卡, 剩余时间：36分钟
I, [20100122171043#4968]  INFO -- :   -- 名称：查税卡, 剩余时间：36分钟
I, [20100122171043#4968]  INFO -- : 开始制作道具：
I, [20100122171043#4968]  INFO -- : 查看股市信息：
I, [20100122171044#4968]  INFO -- :   -- 股票名称：中华银行 | 当前价格：18.91 | 涨跌：-2.93 | 持有股数：-     | 平均成本：-
I, [20100122171044#4968]  INFO -- :   -- 股票名称：国民石油 | 当前价格：10.63 | 涨跌：-1.02 | 持有股数：-     | 平均成本：-
I, [20100122171044#4968]  INFO -- :   -- 股票名称：天宇通讯 | 当前价格：6.46  | 涨跌：-0.62 | 持有股数：-     | 平均成本：-
I, [20100122171044#4968]  INFO -- :   -- 股票名称：第一汽车 | 当前价格：7.55  | 涨跌：0.94  | 持有股数：-     | 平均成本：-
I, [20100122171044#4968]  INFO -- :   -- 股票名称：完美电器 | 当前价格：10.91 | 涨跌：-0.91 | 持有股数：-     | 平均成本：-
I, [20100122171044#4968]  INFO -- :   -- 股票名称：华美服饰 | 当前价格：9.98  | 涨跌：0.81  | 持有股数：-     | 平均成本：-
I, [20100122171044#4968]  INFO -- :   -- 股票名称：天天超商 | 当前价格：10.23 | 涨跌：-0.78 | 持有股数：-     | 平均成本：-
I, [20100122171044#4968]  INFO -- :   -- 股票名称：千科地产 | 当前价格：13.82 | 涨跌：4.54  | 持有股数：-     | 平均成本：-
I, [20100122171044#4968]  INFO -- :   -- 股票名称：传世老窖 | 当前价格：90.84 | 涨跌：-0.76 | 持有股数：-     | 平均成本：-
I, [20100122171044#4968]  INFO -- :   -- 股票名称：明天环能 | 当前价格：70.76 | 涨跌：-0.56 | 持有股数：-     | 平均成本：-
I, [20100122171044#4968]  INFO -- : 大富翁游戏--2649634，处理结束

I, [20100122171044#4968]  INFO -- : =========================================
I, [20100122171044#4968]  INFO -- : == 自动开心完成 ==

