# Logfile created on Fri Jan 22 17:24:41 +0800 2010 by /
I, [20100122172441#5748]  INFO -- : 自动开心程序开始运行
I, [20100122172441#5748]  INFO -- : 处理用户:gaowei@LookUgly.com
I, [20100122172441#5748]  INFO -- : Cookie文件存在，从cookie登录！
I, [20100122172441#5748]  INFO -- : 登录成功！


I, [20100122172442#5748]  INFO -- : 大富翁游戏--2737539，处理开始
I, [20100122172442#5748]  INFO -- : 当前拥有的道具：无
I, [20100122172442#5748]  INFO -- : 当前游戏玩家：
I, [20100122172442#5748]  INFO -- :   -- 姓名：杨晓峰|现金：350000  |存款：350000  |总额: 700000  |需查税卡：58
I, [20100122172442#5748]  INFO -- :   -- 姓名：吴子渝|现金：350000  |存款：350000  |总额: 700000  |需查税卡：58
I, [20100122172442#5748]  INFO -- : 当前制作的道具：
I, [20100122172442#5748]  INFO -- :   -- 名称：查税卡, 剩余时间：720分钟
I, [20100122172442#5748]  INFO -- :   -- 名称：查税卡, 剩余时间：720分钟
I, [20100122172442#5748]  INFO -- : 开始制作道具：
I, [20100122172442#5748]  INFO -- : 查看股市信息：
I, [20100122172442#5748]  INFO -- :   -- 股票名称：中华银行 | 当前价格：18.91 | 涨跌：-2.93 | 持有股数：-     | 平均成本：-
I, [20100122172442#5748]  INFO -- :   -- 股票名称：国民石油 | 当前价格：10.63 | 涨跌：-1.02 | 持有股数：-     | 平均成本：-
I, [20100122172442#5748]  INFO -- :   -- 股票名称：天宇通讯 | 当前价格：6.46  | 涨跌：-0.62 | 持有股数：-     | 平均成本：-
I, [20100122172442#5748]  INFO -- :   -- 股票名称：第一汽车 | 当前价格：7.55  | 涨跌：0.94  | 持有股数：-     | 平均成本：-
I, [20100122172442#5748]  INFO -- :   -- 股票名称：完美电器 | 当前价格：10.91 | 涨跌：-0.91 | 持有股数：-     | 平均成本：-
I, [20100122172442#5748]  INFO -- :   -- 股票名称：华美服饰 | 当前价格：9.98  | 涨跌：0.81  | 持有股数：-     | 平均成本：-
I, [20100122172442#5748]  INFO -- :   -- 股票名称：天天超商 | 当前价格：10.23 | 涨跌：-0.78 | 持有股数：-     | 平均成本：-
I, [20100122172442#5748]  INFO -- :   -- 股票名称：千科地产 | 当前价格：13.82 | 涨跌：4.54  | 持有股数：-     | 平均成本：-
I, [20100122172442#5748]  INFO -- :   -- 股票名称：传世老窖 | 当前价格：90.84 | 涨跌：-0.76 | 持有股数：-     | 平均成本：-
I, [20100122172442#5748]  INFO -- :   -- 股票名称：明天环能 | 当前价格：70.76 | 涨跌：-0.56 | 持有股数：-     | 平均成本：-
I, [20100122172442#5748]  INFO -- : 大富翁游戏--2737539，处理结束

I, [20100122172442#5748]  INFO -- : 大富翁游戏--2725865，处理开始
I, [20100122172442#5748]  INFO -- : 当前拥有的道具：无
I, [20100122172442#5748]  INFO -- : 当前游戏玩家：
I, [20100122172442#5748]  INFO -- :   -- 姓名：杨泉  |现金：350000  |存款：350000  |总额: 700000  |需查税卡：58
I, [20100122172442#5748]  INFO -- :   -- 姓名：陈志超|现金：350000  |存款：350000  |总额: 700000  |需查税卡：58
I, [20100122172442#5748]  INFO -- : 当前制作的道具：
I, [20100122172442#5748]  INFO -- :   -- 名称：查税卡, 剩余时间：702分钟
I, [20100122172442#5748]  INFO -- :   -- 名称：查税卡, 剩余时间：702分钟
I, [20100122172442#5748]  INFO -- : 开始制作道具：
I, [20100122172442#5748]  INFO -- : 查看股市信息：
I, [20100122172443#5748]  INFO -- :   -- 股票名称：中华银行 | 当前价格：18.91 | 涨跌：-2.93 | 持有股数：-     | 平均成本：-
I, [20100122172443#5748]  INFO -- :   -- 股票名称：国民石油 | 当前价格：10.63 | 涨跌：-1.02 | 持有股数：-     | 平均成本：-
I, [20100122172443#5748]  INFO -- :   -- 股票名称：天宇通讯 | 当前价格：6.46  | 涨跌：-0.62 | 持有股数：-     | 平均成本：-
I, [20100122172443#5748]  INFO -- :   -- 股票名称：第一汽车 | 当前价格：7.55  | 涨跌：0.94  | 持有股数：-     | 平均成本：-
I, [20100122172443#5748]  INFO -- :   -- 股票名称：完美电器 | 当前价格：10.91 | 涨跌：-0.91 | 持有股数：-     | 平均成本：-
I, [20100122172443#5748]  INFO -- :   -- 股票名称：华美服饰 | 当前价格：9.98  | 涨跌：0.81  | 持有股数：-     | 平均成本：-
I, [20100122172443#5748]  INFO -- :   -- 股票名称：天天超商 | 当前价格：10.23 | 涨跌：-0.78 | 持有股数：-     | 平均成本：-
I, [20100122172443#5748]  INFO -- :   -- 股票名称：千科地产 | 当前价格：13.82 | 涨跌：4.54  | 持有股数：-     | 平均成本：-
I, [20100122172443#5748]  INFO -- :   -- 股票名称：传世老窖 | 当前价格：90.84 | 涨跌：-0.76 | 持有股数：-     | 平均成本：-
I, [20100122172443#5748]  INFO -- :   -- 股票名称：明天环能 | 当前价格：70.76 | 涨跌：-0.56 | 持有股数：-     | 平均成本：-
I, [20100122172443#5748]  INFO -- : 大富翁游戏--2725865，处理结束

I, [20100122172443#5748]  INFO -- : =========================================
I, [20100122172443#5748]  INFO -- : == 自动开心完成 ==

