# Logfile created on Fri Jan 22 15:07:47 +0800 2010 by /
I, [20100122150747#560]  INFO -- : 自动开心程序开始运行
I, [20100122150747#560]  INFO -- : 处理用户:yautah2008@gmail.com
I, [20100122150747#560]  INFO -- : Cookie文件存在，从cookie登录！
I, [20100122150748#560]  INFO -- : 登录成功！


I, [20100122150748#560]  INFO -- : 大富翁游戏--2725865，处理开始
I, [20100122150748#560]  INFO -- : 当前拥有的道具：无
I, [20100122150748#560]  INFO -- : 当前游戏玩家：
I, [20100122150748#560]  INFO -- :   -- 姓名：高巍  |现金：350000  |存款：350000  |总额: 700000  |需查税卡：58
I, [20100122150748#560]  INFO -- :   -- 姓名：陈志超|现金：350000  |存款：350000  |总额: 700000  |需查税卡：58
I, [20100122150748#560]  INFO -- : 当前制作的道具：
I, [20100122150748#560]  INFO -- :   -- 名称：查税卡, 剩余时间：336分钟
I, [20100122150748#560]  INFO -- :   -- 名称：查税卡, 剩余时间：336分钟
I, [20100122150748#560]  INFO -- : 查看股市信息：
I, [20100122150748#560]  INFO -- :   -- 股票名称：中华银行 | 当前价格：19.16 | 涨跌：-1.64 | 持有股数：-     | 平均成本：-
I, [20100122150748#560]  INFO -- :   -- 股票名称：国民石油 | 当前价格：10.83 | 涨跌：0.84  | 持有股数：-     | 平均成本：-
I, [20100122150748#560]  INFO -- :   -- 股票名称：天宇通讯 | 当前价格：6.44  | 涨跌：-0.92 | 持有股数：-     | 平均成本：-
I, [20100122150748#560]  INFO -- :   -- 股票名称：第一汽车 | 当前价格：7.34  | 涨跌：-1.87 | 持有股数：-     | 平均成本：-
I, [20100122150748#560]  INFO -- :   -- 股票名称：完美电器 | 当前价格：10.93 | 涨跌：-0.73 | 持有股数：-     | 平均成本：-
I, [20100122150748#560]  INFO -- :   -- 股票名称：华美服饰 | 当前价格：9.99  | 涨跌：0.91  | 持有股数：-     | 平均成本：-
I, [20100122150748#560]  INFO -- :   -- 股票名称：天天超商 | 当前价格：10.22 | 涨跌：-0.87 | 持有股数：-     | 平均成本：-
I, [20100122150748#560]  INFO -- :   -- 股票名称：千科地产 | 当前价格：13.15 | 涨跌：-0.53 | 持有股数：-     | 平均成本：-
I, [20100122150748#560]  INFO -- :   -- 股票名称：传世老窖 | 当前价格：92.35 | 涨跌：0.88  | 持有股数：-     | 平均成本：-
I, [20100122150748#560]  INFO -- :   -- 股票名称：明天环能 | 当前价格：70.46 | 涨跌：-0.98 | 持有股数：-     | 平均成本：-
I, [20100122150748#560]  INFO -- : 大富翁游戏--2725865，处理结束

I, [20100122150748#560]  INFO -- : 大富翁游戏--2649634，处理开始
I, [20100122150748#560]  INFO -- : 当前拥有的道具：
I, [20100122150748#560]  INFO -- :   -- 名称：查税卡, 数量：4
I, [20100122150748#560]  INFO -- : 当前游戏玩家：
I, [20100122150748#560]  INFO -- :   -- 姓名：吴志芳|现金：352068  |存款：100000  |总额: 452068  |需查税卡：50
I, [20100122150748#560]  INFO -- :   可以搞定-- 姓名：吴志芳|
I, [20100122150748#560]  INFO -- :   -- 姓名：许晖  |现金：1440    |存款：60792   |总额: 62232   |需查税卡：13
I, [20100122150748#560]  INFO -- :   可以搞定-- 姓名：许晖  |
I, [20100122150748#560]  INFO -- : 当前制作的道具：
I, [20100122150748#560]  INFO -- :   -- 名称：查税卡, 剩余时间：159分钟
I, [20100122150748#560]  INFO -- :   -- 名称：查税卡, 剩余时间：159分钟
I, [20100122150748#560]  INFO -- : 查看股市信息：
I, [20100122150749#560]  INFO -- :   -- 股票名称：中华银行 | 当前价格：19.16 | 涨跌：-1.64 | 持有股数：-     | 平均成本：-
I, [20100122150749#560]  INFO -- :   -- 股票名称：国民石油 | 当前价格：10.83 | 涨跌：0.84  | 持有股数：35793 | 平均成本：10.63
I, [20100122150749#560]  INFO -- :   -- 股票名称：天宇通讯 | 当前价格：6.44  | 涨跌：-0.92 | 持有股数：-     | 平均成本：-
I, [20100122150749#560]  INFO -- :   -- 股票名称：第一汽车 | 当前价格：7.34  | 涨跌：-1.87 | 持有股数：-     | 平均成本：-
I, [20100122150749#560]  INFO -- :   -- 股票名称：完美电器 | 当前价格：10.93 | 涨跌：-0.73 | 持有股数：-     | 平均成本：-
I, [20100122150749#560]  INFO -- :   -- 股票名称：华美服饰 | 当前价格：9.99  | 涨跌：0.91  | 持有股数：-     | 平均成本：-
I, [20100122150749#560]  INFO -- :   -- 股票名称：天天超商 | 当前价格：10.22 | 涨跌：-0.87 | 持有股数：-     | 平均成本：-
I, [20100122150749#560]  INFO -- :   -- 股票名称：千科地产 | 当前价格：13.15 | 涨跌：-0.53 | 持有股数：-     | 平均成本：-
I, [20100122150749#560]  INFO -- :   -- 股票名称：传世老窖 | 当前价格：92.35 | 涨跌：0.88  | 持有股数：-     | 平均成本：-
I, [20100122150749#560]  INFO -- :   -- 股票名称：明天环能 | 当前价格：70.46 | 涨跌：-0.98 | 持有股数：-     | 平均成本：-
I, [20100122150749#560]  INFO -- : 大富翁游戏--2649634，处理结束

I, [20100122150749#560]  INFO -- : 大富翁游戏--2560397，处理开始
I, [20100122150749#560]  INFO -- : 当前拥有的道具：
I, [20100122150749#560]  INFO -- :   -- 名称：查税卡, 数量：1
I, [20100122150749#560]  INFO -- : 当前游戏玩家：
I, [20100122150749#560]  INFO -- :   -- 姓名：杨晓峰|现金：0       |存款：2       |总额: 2       |需查税卡：1
I, [20100122150749#560]  INFO -- :   可以搞定-- 姓名：杨晓峰|
I, [20100122150749#560]  INFO -- :   -- 姓名：吴子渝|现金：0       |存款：588573  |总额: 588573  |需查税卡：55
I, [20100122150749#560]  INFO -- :   可以搞定-- 姓名：吴子渝|
I, [20100122150749#560]  INFO -- : 当前制作的道具：
I, [20100122150749#560]  INFO -- :   -- 名称：查税卡, 剩余时间：159分钟
I, [20100122150749#560]  INFO -- :   -- 名称：查税卡, 剩余时间：159分钟
I, [20100122150749#560]  INFO -- : 查看股市信息：
I, [20100122150749#560]  INFO -- :   -- 股票名称：中华银行 | 当前价格：19.16 | 涨跌：-1.64 | 持有股数：-     | 平均成本：-
I, [20100122150749#560]  INFO -- :   -- 股票名称：国民石油 | 当前价格：10.83 | 涨跌：0.84  | 持有股数：-     | 平均成本：-
I, [20100122150749#560]  INFO -- :   -- 股票名称：天宇通讯 | 当前价格：6.44  | 涨跌：-0.92 | 持有股数：-     | 平均成本：-
I, [20100122150749#560]  INFO -- :   -- 股票名称：第一汽车 | 当前价格：7.34  | 涨跌：-1.87 | 持有股数：-     | 平均成本：-
I, [20100122150749#560]  INFO -- :   -- 股票名称：完美电器 | 当前价格：10.93 | 涨跌：-0.73 | 持有股数：-     | 平均成本：-
I, [20100122150749#560]  INFO -- :   -- 股票名称：华美服饰 | 当前价格：9.99  | 涨跌：0.91  | 持有股数：-     | 平均成本：-
I, [20100122150749#560]  INFO -- :   -- 股票名称：天天超商 | 当前价格：10.22 | 涨跌：-0.87 | 持有股数：-     | 平均成本：-
I, [20100122150749#560]  INFO -- :   -- 股票名称：千科地产 | 当前价格：13.15 | 涨跌：-0.53 | 持有股数：-     | 平均成本：-
I, [20100122150749#560]  INFO -- :   -- 股票名称：传世老窖 | 当前价格：92.35 | 涨跌：0.88  | 持有股数：-     | 平均成本：-
I, [20100122150749#560]  INFO -- :   -- 股票名称：明天环能 | 当前价格：70.46 | 涨跌：-0.98 | 持有股数：-     | 平均成本：-
I, [20100122150749#560]  INFO -- : 大富翁游戏--2560397，处理结束

I, [20100122150749#560]  INFO -- : =========================================
I, [20100122150749#560]  INFO -- : == 自动开心完成 ==

