# Logfile created on Sat Jan 23 00:18:49 +0800 2010 by /
I, [20100123001849#3320]  INFO -- : 自动开心程序开始运行
I, [20100123001849#3320]  INFO -- : 处理用户:yautah2008@gmail.com
I, [20100123001849#3320]  INFO -- : Cookie文件存在，从cookie登录！
I, [20100123001849#3320]  INFO -- : 登录成功！


I, [20100123001850#3320]  INFO -- : 大富翁游戏--2735333，处理开始
I, [20100123001850#3320]  INFO -- : 当前拥有的道具：无
I, [20100123001850#3320]  INFO -- : 当前游戏玩家：
I, [20100123001850#3320]  INFO -- :   -- 姓名：蔡潇潇|现金：300000  |存款：350000  |总额: 650000  |需查税卡：57
I, [20100123001850#3320]  INFO -- :   -- 姓名：吴子渝|现金：300000  |存款：350000  |总额: 650000  |需查税卡：57
I, [20100123001850#3320]  INFO -- : 当前制作的道具：
I, [20100123001850#3320]  INFO -- :   -- 名称：查税卡, 剩余时间：291分钟
I, [20100123001850#3320]  INFO -- :   -- 名称：查税卡, 剩余时间：291分钟
I, [20100123001850#3320]  INFO -- : 开始制作道具：
I, [20100123001850#3320]  INFO -- : 查看股市信息：
I, [20100123001850#3320]  INFO -- :   -- 股票名称：中华银行 | 当前价格：19.85 | 涨跌：2.85  | 持有股数：-     | 平均成本：-
I, [20100123001850#3320]  INFO -- :   -- 股票名称：国民石油 | 当前价格：10.60 | 涨跌：-2.21 | 持有股数：-     | 平均成本：-
I, [20100123001850#3320]  INFO -- :   -- 股票名称：天宇通讯 | 当前价格：6.26  | 涨跌：0.48  | 持有股数：-     | 平均成本：-
I, [20100123001850#3320]  INFO -- :   -- 股票名称：第一汽车 | 当前价格：7.34  | 涨跌：-0.94 | 持有股数：-     | 平均成本：-
I, [20100123001850#3320]  INFO -- :   -- 股票名称：完美电器 | 当前价格：11.17 | 涨跌：0.63  | 持有股数：-     | 平均成本：-
I, [20100123001850#3320]  INFO -- :   -- 股票名称：华美服饰 | 当前价格：9.69  | 涨跌：0.94  | 持有股数：-     | 平均成本：-
I, [20100123001850#3320]  INFO -- :   -- 股票名称：天天超商 | 当前价格：9.96  | 涨跌：-0.70 | 持有股数：-     | 平均成本：-
I, [20100123001850#3320]  INFO -- :   -- 股票名称：千科地产 | 当前价格：13.17 | 涨跌：0.53  | 持有股数：-     | 平均成本：-
I, [20100123001850#3320]  INFO -- :   -- 股票名称：传世老窖 | 当前价格：91.53 | 涨跌：0.53  | 持有股数：-     | 平均成本：-
I, [20100123001850#3320]  INFO -- :   -- 股票名称：明天环能 | 当前价格：66.91 | 涨跌：-3.32 | 持有股数：-     | 平均成本：-
I, [20100123001850#3320]  INFO -- : 大富翁游戏--2735333，处理结束

I, [20100123001850#3320]  INFO -- : 大富翁游戏--2725865，处理开始
I, [20100123001850#3320]  INFO -- : 当前拥有的道具：
I, [20100123001850#3320]  INFO -- :   -- 名称：查税卡, 数量：2
I, [20100123001851#3320]  INFO -- : 当前游戏玩家：
I, [20100123001851#3320]  INFO -- :   -- 姓名：高巍  |现金：300000  |存款：350000  |总额: 650000  |需查税卡：57
I, [20100123001851#3320]  INFO -- :   -- 姓名：陈志超|现金：300000  |存款：350000  |总额: 650000  |需查税卡：57
I, [20100123001851#3320]  INFO -- : 当前制作的道具：
I, [20100123001851#3320]  INFO -- :   -- 名称：查税卡, 剩余时间：709分钟
I, [20100123001851#3320]  INFO -- :   -- 名称：查税卡, 剩余时间：709分钟
I, [20100123001851#3320]  INFO -- : 开始制作道具：
I, [20100123001851#3320]  INFO -- : 查看股市信息：
I, [20100123001851#3320]  INFO -- :   -- 股票名称：中华银行 | 当前价格：19.85 | 涨跌：2.85  | 持有股数：-     | 平均成本：-
I, [20100123001851#3320]  INFO -- :   -- 股票名称：国民石油 | 当前价格：10.60 | 涨跌：-2.21 | 持有股数：-     | 平均成本：-
I, [20100123001851#3320]  INFO -- :   -- 股票名称：天宇通讯 | 当前价格：6.26  | 涨跌：0.48  | 持有股数：-     | 平均成本：-
I, [20100123001851#3320]  INFO -- :   -- 股票名称：第一汽车 | 当前价格：7.34  | 涨跌：-0.94 | 持有股数：-     | 平均成本：-
I, [20100123001851#3320]  INFO -- :   -- 股票名称：完美电器 | 当前价格：11.17 | 涨跌：0.63  | 持有股数：-     | 平均成本：-
I, [20100123001851#3320]  INFO -- :   -- 股票名称：华美服饰 | 当前价格：9.69  | 涨跌：0.94  | 持有股数：-     | 平均成本：-
I, [20100123001851#3320]  INFO -- :   -- 股票名称：天天超商 | 当前价格：9.96  | 涨跌：-0.70 | 持有股数：-     | 平均成本：-
I, [20100123001851#3320]  INFO -- :   -- 股票名称：千科地产 | 当前价格：13.17 | 涨跌：0.53  | 持有股数：-     | 平均成本：-
I, [20100123001851#3320]  INFO -- :   -- 股票名称：传世老窖 | 当前价格：91.53 | 涨跌：0.53  | 持有股数：-     | 平均成本：-
I, [20100123001851#3320]  INFO -- :   -- 股票名称：明天环能 | 当前价格：66.91 | 涨跌：-3.32 | 持有股数：-     | 平均成本：-
I, [20100123001851#3320]  INFO -- : 大富翁游戏--2725865，处理结束

I, [20100123001851#3320]  INFO -- : 大富翁游戏--2649634，处理开始
I, [20100123001851#3320]  INFO -- : 当前拥有的道具：
I, [20100123001851#3320]  INFO -- :   -- 名称：查税卡, 数量：5
I, [20100123001851#3320]  INFO -- : 当前游戏玩家：
I, [20100123001851#3320]  INFO -- :   -- 姓名：吴志芳|现金：360608  |存款：50000   |总额: 410608  |需查税卡：48
I, [20100123001851#3320]  INFO -- :   -- 姓名：许晖  |现金：0       |存款：12812   |总额: 12812   |需查税卡：3
