# Logfile created on Fri Jan 22 17:28:06 +0800 2010 by /
I, [20100122172806#5552]  INFO -- : 自动开心程序开始运行
I, [20100122172806#5552]  INFO -- : 处理用户:feza@163.com
I, [20100122172806#5552]  INFO -- : Cookie文件存在，从cookie登录！
I, [20100122172806#5552]  INFO -- : Cookie文件存在，从cookie登录！
I, [20100122172807#5552]  INFO -- : Cookie文件存在，从cookie登录！
I, [20100122172807#5552]  INFO -- : Cookie文件存在，从cookie登录！
I, [20100122172807#5552]  INFO -- : Cookie文件存在，从cookie登录！
I, [20100122172807#5552]  INFO -- : Cookie文件存在，从cookie登录！
I, [20100122172807#5552]  INFO -- : Cookie文件存在，从cookie登录！
I, [20100122172807#5552]  INFO -- : Cookie文件存在，从cookie登录！
I, [20100122172807#5552]  INFO -- : Cookie文件存在，从cookie登录！
I, [20100122172807#5552]  INFO -- : Cookie文件存在，从cookie登录！
I, [20100122172807#5552]  INFO -- : Cookie文件存在，从cookie登录！
I, [20100122172807#5552]  INFO -- : Cookie文件存在，从cookie登录！
I, [20100122172807#5552]  INFO -- : Cookie文件存在，从cookie登录！
I, [20100122172807#5552]  INFO -- : Cookie文件存在，从cookie登录！
I, [20100122172807#5552]  INFO -- : Cookie文件存在，从cookie登录！
I, [20100122172807#5552]  INFO -- : Cookie文件存在，从cookie登录！
I, [20100122172807#5552]  INFO -- : Cookie文件存在，从cookie登录！
I, [20100122172807#5552]  INFO -- : Cookie文件存在，从cookie登录！
I, [20100122172807#5552]  INFO -- : Cookie文件存在，从cookie登录！
I, [20100122172807#5552]  INFO -- : Cookie文件存在，从cookie登录！
I, [20100122172807#5552]  INFO -- : Cookie文件存在，从cookie登录！
I, [20100122172807#5552]  INFO -- : Cookie文件存在，从cookie登录！
I, [20100122172807#5552]  INFO -- : Cookie文件存在，从cookie登录！
I, [20100122172807#5552]  INFO -- : Cookie文件存在，从cookie登录！
I, [20100122172807#5552]  INFO -- : Cookie文件存在，从cookie登录！
I, [20100122172807#5552]  INFO -- : Cookie文件存在，从cookie登录！
I, [20100122172807#5552]  INFO -- : Cookie文件存在，从cookie登录！
I, [20100122172810#5552]  INFO -- : =========================================
I, [20100122172810#5552]  INFO -- : == 自动开心完成 ==

