# Logfile created on Fri Jan 22 16:23:28 +0800 2010 by /
I, [20100122162328#4856]  INFO -- : 自动开心程序开始运行
I, [20100122162328#4856]  INFO -- : 处理用户:feza@163.com
I, [20100122162329#4856]  INFO -- : 无Cookie文件，以用户名密码登录！
I, [20100122162329#4856]  INFO -- : 登录成功！


I, [20100122162329#4856]  INFO -- : 大富翁游戏--2560397，处理开始
I, [20100122162329#4856]  INFO -- : 当前拥有的道具：
I, [20100122162329#4856]  INFO -- :   -- 名称：遥控骰子, 数量：9
I, [20100122162330#4856]  INFO -- : 当前游戏玩家：
I, [20100122162330#4856]  INFO -- :   -- 姓名：杨晓峰|现金：0       |存款：0       |总额: 0       |需查税卡：0
I, [20100122162330#4856]  INFO -- :   -- 姓名：杨泉  |现金：335977  |存款：350000  |总额: 685977  |需查税卡：58
I, [20100122162333#4856]  INFO -- : 当前制作的道具：无
I, [20100122162333#4856]  INFO -- : 开始制作道具：
I, [20100122162333#4856]  INFO -- :   -- 制造成功：名称：12, 信息：查税卡已经开始制作，可以在你的“正在制作的道具”中看到
I, [20100122162334#4856]  INFO -- :   -- 制造成功：名称：12, 信息：查税卡已经开始制作，可以在你的“正在制作的道具”中看到
I, [20100122162335#4856]  INFO -- : 查看股市信息：
I, [20100122162335#4856]  INFO -- :   -- 股票名称：中华银行 | 当前价格：19.16 | 涨跌：-1.64 | 持有股数：-     | 平均成本：-
I, [20100122162335#4856]  INFO -- :   -- 股票名称：国民石油 | 当前价格：10.83 | 涨跌：0.84  | 持有股数：-     | 平均成本：-
I, [20100122162335#4856]  INFO -- :   -- 股票名称：天宇通讯 | 当前价格：6.44  | 涨跌：-0.92 | 持有股数：-     | 平均成本：-
I, [20100122162335#4856]  INFO -- :   -- 股票名称：第一汽车 | 当前价格：7.42  | 涨跌：-0.80 | 持有股数：1     | 平均成本：7.00
I, [20100122162335#4856]  INFO -- :   -- 股票名称：完美电器 | 当前价格：11.27 | 涨跌：2.36  | 持有股数：-     | 平均成本：-
I, [20100122162335#4856]  INFO -- :   -- 股票名称：华美服饰 | 当前价格：9.98  | 涨跌：0.81  | 持有股数：58916 | 平均成本：9.99
I, [20100122162335#4856]  INFO -- :   -- 股票名称：天天超商 | 当前价格：10.39 | 涨跌：0.78  | 持有股数：-     | 平均成本：-
I, [20100122162335#4856]  INFO -- :   -- 股票名称：千科地产 | 当前价格：13.56 | 涨跌：2.57  | 持有股数：-     | 平均成本：-
I, [20100122162335#4856]  INFO -- :   -- 股票名称：传世老窖 | 当前价格：88.68 | 涨跌：-3.12 | 持有股数：-     | 平均成本：-
I, [20100122162335#4856]  INFO -- :   -- 股票名称：明天环能 | 当前价格：70.53 | 涨跌：-0.89 | 持有股数：-     | 平均成本：-
I, [20100122162335#4856]  INFO -- : 大富翁游戏--2560397，处理结束

I, [20100122162335#4856]  INFO -- : =========================================
I, [20100122162335#4856]  INFO -- : == 自动开心完成 ==

