# Logfile created on Fri Jan 22 16:44:41 +0800 2010 by /
I, [20100122164441#5320]  INFO -- : 自动开心程序开始运行
I, [20100122164441#5320]  INFO -- : 处理用户:feza@163.com
I, [20100122164441#5320]  INFO -- : Cookie文件存在，从cookie登录！
I, [20100122164441#5320]  INFO -- : 登录成功！


I, [20100122164441#5320]  INFO -- : 大富翁游戏--2735333，处理开始
I, [20100122164441#5320]  INFO -- : 当前拥有的道具：无
I, [20100122164441#5320]  INFO -- : 当前游戏玩家：
I, [20100122164441#5320]  INFO -- :   -- 姓名：蔡潇潇|现金：350000  |存款：350000  |总额: 700000  |需查税卡：58
I, [20100122164441#5320]  INFO -- :   -- 姓名：杨泉  |现金：350000  |存款：350000  |总额: 700000  |需查税卡：58
I, [20100122164441#5320]  INFO -- : 当前制作的道具：
I, [20100122164441#5320]  INFO -- :   -- 名称：查税卡, 剩余时间：710分钟
I, [20100122164441#5320]  INFO -- :   -- 名称：查税卡, 剩余时间：710分钟
I, [20100122164441#5320]  INFO -- : 查看股市信息：
I, [20100122164442#5320]  INFO -- :   -- 股票名称：中华银行 | 当前价格：19.16 | 涨跌：-1.64 | 持有股数：-     | 平均成本：-
I, [20100122164442#5320]  INFO -- :   -- 股票名称：国民石油 | 当前价格：10.83 | 涨跌：0.84  | 持有股数：-     | 平均成本：-
I, [20100122164442#5320]  INFO -- :   -- 股票名称：天宇通讯 | 当前价格：6.44  | 涨跌：-0.92 | 持有股数：-     | 平均成本：-
I, [20100122164442#5320]  INFO -- :   -- 股票名称：第一汽车 | 当前价格：7.42  | 涨跌：-0.80 | 持有股数：-     | 平均成本：-
I, [20100122164442#5320]  INFO -- :   -- 股票名称：完美电器 | 当前价格：11.27 | 涨跌：2.36  | 持有股数：-     | 平均成本：-
I, [20100122164442#5320]  INFO -- :   -- 股票名称：华美服饰 | 当前价格：9.98  | 涨跌：0.81  | 持有股数：-     | 平均成本：-
I, [20100122164442#5320]  INFO -- :   -- 股票名称：天天超商 | 当前价格：10.39 | 涨跌：0.78  | 持有股数：-     | 平均成本：-
I, [20100122164442#5320]  INFO -- :   -- 股票名称：千科地产 | 当前价格：13.56 | 涨跌：2.57  | 持有股数：-     | 平均成本：-
I, [20100122164442#5320]  INFO -- :   -- 股票名称：传世老窖 | 当前价格：88.68 | 涨跌：-3.12 | 持有股数：-     | 平均成本：-
I, [20100122164442#5320]  INFO -- :   -- 股票名称：明天环能 | 当前价格：70.53 | 涨跌：-0.89 | 持有股数：-     | 平均成本：-
I, [20100122164442#5320]  INFO -- : 大富翁游戏--2735333，处理结束

I, [20100122164442#5320]  INFO -- : =========================================
I, [20100122164442#5320]  INFO -- : == 自动开心完成 ==

